Watching for changes in C:\Users\18059\AppData\Local\hugo_cache\modules\filecache\modules\pkg\mod\github.com\!hugo!blox\hugo-blox-builder\modules\{blox-bootstrap,blox-plugin-netlify@v1.1.2-0.20231108141515-0478cf6921f9,blox-plugin-reveal@v1.1.2}
Watching for changes in D:\myprojects\Jim_personal_page\{assets,content,data,layouts,static}
Watching for config changes in D:\myprojects\Jim_personal_page\config\_default, C:\Users\18059\AppData\Local\hugo_cache\modules\filecache\modules\pkg\mod\github.com\!hugo!blox\hugo-blox-builder\modules\blox-plugin-netlify@v1.1.2-0.20231108141515-0478cf6921f9\config.yaml, C:\Users\18059\AppData\Local\hugo_cache\modules\filecache\modules\pkg\mod\github.com\!hugo!blox\hugo-blox-builder\modules\blox-plugin-reveal@v1.1.2\config.yaml, C:\Users\18059\AppData\Local\hugo_cache\modules\filecache\modules\pkg\mod\github.com\!hugo!blox\hugo-blox-builder\modules\blox-bootstrap\v5@v5.9.7\hugo.yaml, D:\myprojects\Jim_personal_page\go.mod
Start building sites … 
hugo v0.125.6-69ede10edcd539380914bbee58d4d32953dd8b43+extended windows/amd64 BuildDate=2024-05-05T10:52:52Z VendorInfo=gohugoio


                   | EN | ZH  
-------------------+----+-----
  Pages            | 68 | 67  
  Paginator pages  |  0 |  0  
  Non-page files   | 18 | 10  
  Static files     | 18 | 18  
  Processed images | 48 |  0  
  Aliases          | 21 | 15  
  Cleaned          |  0 |  0  

Built in 824 ms
Environment: "development"
Serving pages from disk
Web Server is available at http://localhost:1313/ (bind address 127.0.0.1) 
Press Ctrl+C to stop

Change of Static files detected, rebuilding site (#1).
2026-06-16 15:56:50.658 +0800
Syncing \js\crazy-ideas.js to \
Syncing \js\crazy-ideas.js to \

Change detected, rebuilding site (#2).
2026-06-16 15:56:50.662 +0800
Asset changed /scss/custom.scss
Template changed /shortcodes/crazyideas.html
Web Server is available at http://localhost:1313/ (bind address 127.0.0.1)
Total in 369 ms

Change of Static files detected, rebuilding site (#3).
2026-06-16 16:00:20.664 +0800
Syncing \js\crazy-ideas.js to \
Syncing \js\crazy-ideas.js to \

Change detected, rebuilding site (#4).
2026-06-16 16:00:20.668 +0800
Template changed /shortcodes/crazyideas.html
Web Server is available at http://localhost:1313/ (bind address 127.0.0.1)
Total in 382 ms

Change detected, rebuilding site (#5).
2026-06-16 16:01:07.664 +0800
Asset changed /scss/custom.scss
Web Server is available at http://localhost:1313/ (bind address 127.0.0.1)
Total in 286 ms

Change of Static files detected, rebuilding site (#6).
2026-06-16 16:06:26.170 +0800
Syncing \js\crazy-ideas.js to \
Syncing \js\crazy-ideas.js to \

Change detected, rebuilding site (#7).
2026-06-16 16:06:26.175 +0800
Template changed /shortcodes/crazyideas.html
Web Server is available at http://localhost:1313/ (bind address 127.0.0.1)
Total in 352 ms
